TN:
SF:src\domain\entity\vote-entity.ts
FN:8,VoteEntity
FN:13,get MaxTimesVote
FN:18,hasVoted
FN:21,hasExceededMaxTimesVote
FN:28,hasReachedMaxVotation
FN:33,toJSON
FNF:6
FNH:5
FNDA:4,VoteEntity
FNDA:1,get MaxTimesVote
FNDA:1,hasVoted
FNDA:1,hasExceededMaxTimesVote
FNDA:1,hasReachedMaxVotation
FNDA:0,toJSON
DA:1,1
DA:2,1
DA:3,1
DA:4,1
DA:5,1
DA:6,1
DA:7,1
DA:8,1
DA:9,4
DA:10,4
DA:11,1
DA:12,1
DA:13,1
DA:14,1
DA:15,1
DA:16,1
DA:17,1
DA:18,1
DA:19,1
DA:20,1
DA:21,1
DA:22,1
DA:23,1
DA:24,1
DA:25,1
DA:26,1
DA:27,1
DA:28,1
DA:29,1
DA:30,1
DA:31,1
DA:32,1
DA:33,1
DA:34,0
DA:35,0
DA:36,0
DA:37,0
DA:38,0
LF:38
LH:33
BRDA:8,0,0,4
BRDA:10,1,0,1
BRDA:13,2,0,1
BRDA:18,3,0,1
BRDA:21,4,0,1
BRDA:28,5,0,1
BRF:6
BRH:6
end_of_record
TN:
SF:src\mocks\vote-mocks.ts
FN:10,voteMocksFactory
FNF:1
FNH:1
FNDA:4,voteMocksFactory
DA:1,1
DA:2,1
DA:3,1
DA:4,1
DA:5,1
DA:6,1
DA:7,1
DA:8,1
DA:9,1
DA:10,1
DA:11,4
DA:12,4
DA:13,4
DA:14,4
DA:15,4
DA:16,4
DA:17,4
LF:17
LH:17
BRDA:10,0,0,4
BRF:1
BRH:1
end_of_record
